




<!DOCTYPE html>
<html>
<head>
	<meta charset='UTF-8' /> 
	<meta name='description' content='' />
	<meta name='robots' content='noodp, noydir' />
	<meta name='viewport' content='width=device-width, initial-scale=1' />
	<meta id="timeStampFormat" name="timeStampFormat" content='MMM d, yyyy hh:mm:ss a'/>
	
        <link href='https://fonts.googleapis.com/css?family=Source+Sans+Pro:400,600' rel='stylesheet' type='text/css' />
        <link href="https://fonts.googleapis.com/icon?family=Material+Icons" rel="stylesheet" />
        <link href='https://cdn.jsdelivr.net/gh/extent-framework/extent-github-cdn@ff53917fbbdb5ef820abbbe4d199a6942dc771ff/v3html/css/extent.css' type='text/css' rel='stylesheet' />
	
	<title>Greatify Automation Report</title>

	<style type='text/css'>
		/* json-tree */
		.jstBracket,.jstComma,.jstValue{white-space:pre-wrap}.jstValue{font-size:10px;font-weight:400;font-family:"Lucida Console",Monaco,monospace}.jstProperty{color:#666;word-wrap:break-word}.jstBool{color:#2525CC}.jstNum{color:#D036D0}.jstNull{color:gray}.jstStr{color:#2DB669}.jstFold:after{content:' -';cursor:pointer}.jstExpand{white-space:normal}.jstExpand:after{content:' +';cursor:pointer}.jstFolded{white-space:normal!important}.jstHiddenBlock{display:none}
			
	</style>
	
	<script type="text/javascript">
		/*! json-tree - v0.2.2 - 2017-09-25, MIT LICENSE */
		var JSONTree=function(){var n={"&":"&amp;","<":"&lt;",">":"&gt;",'"':"&quot;","'":"&#x27;","/":"&#x2F;"},t=0,r=0;this.create=function(n,t){return r+=1,N(u(n,0,!1),{class:"jstValue"})};var e=function(t){return t.replace(/[&<>'"]/g,function(t){return n[t]})},s=function(){return r+"_"+t++},u=function(n,t,r){if(null===n)return f(r?t:0);switch(typeof n){case"boolean":return l(n,r?t:0);case"number":return i(n,r?t:0);case"string":return o(n,r?t:0);default:return n instanceof Array?a(n,t,r):c(n,t,r)}},c=function(n,t,r){var e=s(),u=Object.keys(n).map(function(r){return j(r,n[r],t+1,!0)}).join(m()),c=[g("{",r?t:0,e),N(u,{id:e}),p("}",t)].join("\n");return N(c,{})},a=function(n,t,r){var e=s(),c=n.map(function(n){return u(n,t+1,!0)}).join(m());return[g("[",r?t:0,e),N(c,{id:e}),p("]",t)].join("\n")},o=function(n,t){var r=e(JSON.stringify(n));return N(v(r,t),{class:"jstStr"})},i=function(n,t){return N(v(n,t),{class:"jstNum"})},l=function(n,t){return N(v(n,t),{class:"jstBool"})},f=function(n){return N(v("null",n),{class:"jstNull"})},j=function(n,t,r){var s=v(e(JSON.stringify(n))+": ",r),c=N(u(t,r,!1),{});return N(s+c,{class:"jstProperty"})},m=function(){return N(",\n",{class:"jstComma"})},N=function(n,t){return d("span",t,n)},d=function(n,t,r){return"<"+n+Object.keys(t).map(function(n){return" "+n+'="'+t[n]+'"'}).join("")+">"+r+"</"+n+">"},g=function(n,t,r){return N(v(n,t),{class:"jstBracket"})+N("",{class:"jstFold",onclick:"JSONTree.toggle('"+r+"')"})};this.toggle=function(n){var t=document.getElementById(n),r=t.parentNode,e=t.previousElementSibling;""===t.className?(t.className="jstHiddenBlock",r.className="jstFolded",e.className="jstExpand"):(t.className="",r.className="",e.className="jstFold")};var p=function(n,t){return N(v(n,t),{})},v=function(n,t){return Array(2*t+1).join(" ")+n};return this}();
	</script>
</head>
	<body class='extent dark default hide-overflow bdd-report'>
		<div id='theme-selector' alt='Click to toggle theme. To enable by default, use theme configuration.' title='Click to toggle theme. To enable by default, use theme configuration.'>
			<span><i class='material-icons'>desktop_windows</i></span>
		</div>
<nav>
	<div class="nav-wrapper">
        <a href="#!" class="brand-logo black"><img src="https://cdn.jsdelivr.net/gh/extent-framework/extent-github-cdn@ff53917fbbdb5ef820abbbe4d199a6942dc771ff/commons/img/logo.png"></a>
		<!-- slideout menu -->
		<ul id='slide-out' class='side-nav fixed hide-on-med-and-down'>
			<li class='waves-effect active'><a href='#!' view='test-view' onclick="configureView(0);chartsView('test');"><i class='material-icons'>dashboard</i></a></li>
			<li class='waves-effect'><a href='#!' view='category-view' onclick="configureView(1)"><i class='material-icons'>label_outline</i></a></li>
			<li class='waves-effect'><a href='#!' view='exception-view' onclick="configureView(2)"><i class='material-icons'>bug_report</i></a></li>
			<li class='waves-effect'><a href='#!' onclick="configureView(-1);chartsView('dashboard');" view='dashboard-view'><i class='material-icons'>track_changes</i></a></li>
		</ul>
		<!-- report name -->
		<span class='report-name'>End-to-End business stories of Greatify ERP Automation
		</span>
		<!-- report headline -->
		<span class='report-headline'></span>
		<!-- nav-right -->
		<ul id='nav-mobile' class='right hide-on-med-and-down nav-right'>
			<a href='#!'>
			<span class='label blue darken-3 suite-start-time'>Feb 21, 2024 05:10:14 pm</span>
			</a>
		</ul>
	</div>
</nav>		<!-- container -->
		<div class='container'>
<div id='test-view' class='view'>
	<section id='controls'>
		<div class='controls grey lighten-4'>
			<!-- test toggle -->
			<div class='chip transparent'>
				<a class='dropdown-button tests-toggle' data-activates='tests-toggle' data-constrainwidth='true' data-beloworigin='true' data-hover='true' href='#'>
				<i class='material-icons'>warning</i> Status
				</a>
				<ul id='tests-toggle' class='dropdown-content'>
										<li status='fail'><a href='#!'>Fail <i class='material-icons red-text'>cancel</i></a></li>
					<li class='divider'></li>
					<li status='clear' clear='true'><a href='#!'>Clear Filters <i class='material-icons'>clear</i></a></li>
				</ul>
			</div>
			<!-- test toggle -->
			<!-- category toggle -->
			<div class='chip transparent'>
				<a class='dropdown-button category-toggle' data-activates='category-toggle' data-constrainwidth='false' data-beloworigin='true' data-hover='true' href='#'>
				<i class='material-icons'>local_offer</i> Category
				</a>
				<ul id='category-toggle' class='dropdown-content'>
					<li><a href='#'>@SchoolOnboard</a></li>
					<li><a href='#'>@TimetableConfiguration</a></li>
					<li><a href='#'>@FeeManage</a></li>
					<li class='divider'></li>
					<li class='clear'><a href='#!' clear='true'>Clear Filters</a></li>
				</ul>
			</div>
			<!-- category toggle -->
			<!-- clear filters -->
			<div class='chip transparent hide'>
				<a class='' id='clear-filters' alt='Clear Filters' title='Clear Filters'>
				<i class='material-icons'>close</i> Clear
				</a>
			</div>
			<!-- clear filters -->
			<!-- enable dashboard -->
			<div id='toggle-test-view-charts' class='chip transparent'>
				<a class='pink-text' id='enable-dashboard' alt='Enable Dashboard' title='Enable Dashboard'>
				<i class='material-icons'>track_changes</i> Dashboard
				</a>
			</div>
			<!-- enable dashboard -->
			<!-- search -->
			<div class='chip transparent' alt='Search Tests' title='Search Tests'>
				<a href="#" class='search-div'>
				<i class='material-icons'>search</i> Search
				</a>
				<div class='input-field left hide'>
					<input id='search-tests' type='text' class='validate browser-default' placeholder='Search Tests...'>
				</div>
			</div>
			<!-- search -->
		</div>
	</section>

<div id='test-view-charts' class='subview-full'>
    <div id='charts-row' class='row nm-v nm-h'>
        <div class='col s12 m4 l4 np-h'>
            <div class='card-panel nm-v'>
                <div class='left panel-name'>Features</div>
                <div class='chart-box' style="max-height:94px;">
                    <canvas id='parent-analysis' width='90' height='70'></canvas>
                </div>
                <div class='block text-small'>
                    <span class='tooltipped' data-position='top' data-tooltip='$0%'>
                    <span class='strong'>0</span> features passed</span>
                </div>
                <div class='block text-small'>
                    <span class='strong tooltipped' data-position='top' data-tooltip='100%'>
                    3</span> features failed, 
                    <span class='strong tooltipped' data-position='top' data-tooltip='0%'>
                    0</span> skipped
                </div>
            </div>
        </div>
        <div class='col s12 m4 l4 np-h'>
            <div class='card-panel nm-v'>
                <div class='left panel-name'>Scenarios</div>
                <div class='chart-box' style="max-height:94px;">
                    <canvas id='child-analysis' width='90' height='70'></canvas>
                </div>
                <div class='block text-small'>
                    <span class='tooltipped' data-position='top' data-tooltip='0%'>
                    <span class='strong'>0</span> scenarios passed</span>
                </div>
                <div class='block text-small'>
                    <span class='strong tooltipped' data-position='top' data-tooltip='100%'>
                    3</span> scenarios failed, 
                    <span class='strong tooltipped' data-position='top' data-tooltip='0%'>
                    0</span> skipped, 
                    <span class='strong tooltipped' data-position='top' data-tooltip='0%'>
                    0</span> others
                </div>
            </div>
        </div>
        <div class='col s12 m4 l4 np-h'>
            <div class='card-panel nm-v'>
                <div class='left panel-name'>Steps</div>
                <div class='chart-box' style="max-height:94px;">
                    <canvas id='grandchild-analysis' width='90' height='70'></canvas>
                </div>
                <div class='block text-small'>
                    <span class='tooltipped' data-position='top' data-tooltip='12%'>
                    <span class='strong'>5</span> steps passed</span>
                </div>
                <div class='block text-small'>
                    <span class='strong tooltipped' data-position='top' data-tooltip='7%'>
                    3</span> steps failed, 
                    <span class='strong tooltipped' data-position='top' data-tooltip='79%'>
                    31</span> skipped, 
                    <span class='strong tooltipped' data-position='top' data-tooltip='0%'>
                    0</span> others
                </div>
            </div>
        </div>
    </div>
    <div id="timeline-chart" class="row nm-v nm-h">
        <div class="col s12 m12 l12 np-h">
            <div class="card-panel">
                <div class='left panel-name'>Timeline (seconds)</div>
                <div class="chart-box" style="width:98%;max-height:145px;">
                    <canvas id="timeline" height="120"></canvas>
                </div>
            </div>
        </div>
    </div>
</div>	
	<div class='subview-left left'>
		<div class='view-summary'>
			<ul id='test-collection' class='test-collection'>
				<li class='test displayed active has-leaf fail' status='fail' bdd='true' test-id='1'>
					<div class='test-heading'>
						<span class='test-name'>Generate a new school invite from Super Admin Dashboard. Onboard the new school and log in to School Admin Dashboard.</span>
						<span class='test-time'>Feb 21, 2024 05:10:15 pm</span>
						<span class='test-status right fail'>Fail</span>
					</div>
					<div class='test-content hide'>
<div class="sr-filters bdd-filters">
	<a class="btn-floating waves-effect waves-light pass green" title="pass"><i class='material-icons'>check_circle</i></a>
	<a class="btn-floating waves-effect waves-light fail red" title="fail"><i class='material-icons'>cancel</i></a>
	<a class="btn-floating waves-effect waves-light skip blue" title="skip"><i class='material-icons'>redo</i></a>
	<a class="btn-floating waves-effect waves-light clear grey" title="clear"><i class='material-icons'>clear</i></a>
</div>

<div class='scenario node' test-id='2' status='fail'>

	<span class='duration right label'>00 00 07.924</span>
	<div class="bdd-test">
		<div class="scenario-name"><span class='status fail' title='Fail'><i class='material-icons'>cancel</i></span> Scenario: Invite a new school, onboard the school, and log in to the School Admin Dashboard.</div>
	</div>
	
	
		<div class='category-list'>
				<span class='category label'>@SchoolOnboard</span>
		</div>
	
	<ul class='steps'>
		<li test-id='4' class='node given Fail' status='Fail'>
			<div class="step-name" title="(com.stepdefinition.TC2_SchoolAdminOnboardStep.theUserIsLoggedIntoTheSuperAdminDashboard())"><span class='status fail' title='Fail'><i class='material-icons'>cancel</i></span>Given the user is logged into the Super Admin Dashboard</div>


					<textarea disabled class="code-block">java.lang.NullPointerException
	at java.base/java.util.Objects.requireNonNull(Objects.java:209)
	at java.base/java.util.ImmutableCollections$Map1.<init>(ImmutableCollections.java:1105)
	at java.base/java.util.Map.of(Map.java:1353)
	at org.openqa.selenium.remote.DriverCommand.GET(DriverCommand.java:180)
	at org.openqa.selenium.remote.RemoteWebDriver.get(RemoteWebDriver.java:301)
	at com.base.BaseClass.enterUrl(BaseClass.java:59)
	at com.stepdefinition.TC2_SchoolAdminOnboardStep.theUserIsLoggedIntoTheSuperAdminDashboard(TC2_SchoolAdminOnboardStep.java:30)
	at ✽.the user is logged into the Super Admin Dashboard(file:///Users/mullai/Documents/Git%20Workspace/LocalGreatifyWebAutomation/src/test/resources/Features/TC2_SchoolAdminOnboard.feature:5)
</textarea>
		</li>
		<li test-id='5' class='node when Skip' status='Skip'>
			<div class="step-name" title="(com.stepdefinition.TC2_SchoolAdminOnboardStep.theUserNavigatesToThePageInTheSuperAdminDashboard(java.lang.String))"><span class='status skip' title='Skip'><i class='material-icons'>redo</i></span>When the user navigates to the "Manage Schools" page in the Super Admin Dashboard</div>


					<div class="node-step">Step skipped</div>
		</li>
		<li test-id='6' class='node and Skip' status='Skip'>
			<div class="step-name" title="(com.stepdefinition.TC2_SchoolAdminOnboardStep.theUserGeneratesANewSchoolProfileInviteFromTheSuperAdminDashboard())"><span class='status skip' title='Skip'><i class='material-icons'>redo</i></span>And the user generates a new School Profile invite from the Super Admin Dashboard</div>


					<div class="node-step">Step skipped</div>
		</li>
		<li test-id='7' class='node then Skip' status='Skip'>
			<div class="step-name" title="(com.stepdefinition.TC2_SchoolAdminOnboardStep.theUserShouldVerifyThePopupMessageInTheSuperAdminDashboard(java.lang.String))"><span class='status skip' title='Skip'><i class='material-icons'>redo</i></span>Then the user should verify the "Success" popup message in the Super Admin Dashboard.</div>


					<div class="node-step">Step skipped</div>
		</li>
		<li test-id='8' class='node then Skip' status='Skip'>
			<div class="step-name" title="(com.stepdefinition.TC2_SchoolAdminOnboardStep.theUserFetchAndFromMailosaurPortal(java.lang.String,java.lang.String))"><span class='status skip' title='Skip'><i class='material-icons'>redo</i></span>Then the user fetch "username" and "password" from Mailosaur portal</div>


					<div class="node-step">Step skipped</div>
		</li>
		<li test-id='9' class='node and Skip' status='Skip'>
			<div class="step-name" title="(com.stepdefinition.TC2_SchoolAdminOnboardStep.theUserLogsInToTheSchoolAdminDashboardUsingTheMailedCredentials())"><span class='status skip' title='Skip'><i class='material-icons'>redo</i></span>And the user logs in to the School Admin Dashboard using the mailed credentials</div>


					<div class="node-step">Step skipped</div>
		</li>
		<li test-id='10' class='node then Skip' status='Skip'>
			<div class="step-name" title="(com.stepdefinition.TC2_SchoolAdminOnboardStep.theUserShouldVerifyTheSchoolAdminMailIDOnTheOnboardPage())"><span class='status skip' title='Skip'><i class='material-icons'>redo</i></span>Then the user should verify the School Admin Mail-ID on the Onboard page.</div>


					<div class="node-step">Step skipped</div>
		</li>
		<li test-id='11' class='node and Skip' status='Skip'>
			<div class="step-name" title="(com.stepdefinition.TC2_SchoolAdminOnboardStep.theUserOnboardsTheSchoolUsingTheCorrespondingCSVFile())"><span class='status skip' title='Skip'><i class='material-icons'>redo</i></span>And the user onboards the school using the corresponding CSV file</div>


					<div class="node-step">Step skipped</div>
		</li>
		<li test-id='12' class='node then Skip' status='Skip'>
			<div class="step-name" title="(com.stepdefinition.TC2_SchoolAdminOnboardStep.theUserShouldVerifyThePopupMessageInTheSchoolAdminDashboard(java.lang.String))"><span class='status skip' title='Skip'><i class='material-icons'>redo</i></span>Then the user should verify the "Successfully" popup message in the School Admin Dashboard.</div>


					<div class="node-step">Step skipped</div>
		</li>
		<li test-id='13' class='node * Pass' status='Pass'>
			<div class="step-name" title="(AFTER)"><span class='status pass' title='Pass'><i class='material-icons'>check_circle</i></span>com.stepdefinition.HooksClass.afterScenario(io.cucumber.java.Scenario)</div>


					<div class="node-step">Failed Scenario Screenshot</div>
					<div class='screenshots'>
						<img width='80' height='40' onerror='this.style.display="none"' data-featherlight='../embedded1.png' src='../embedded1.png'>
					</div>
		</li>
	</ul>
</div>
					</div>
				</li>
				<li class='test displayed active has-leaf fail' status='fail' bdd='true' test-id='14'>
					<div class='test-heading'>
						<span class='test-name'>Timetable generation for all the classes in the newly onboarded school</span>
						<span class='test-time'>Feb 21, 2024 05:10:23 pm</span>
						<span class='test-status right fail'>Fail</span>
					</div>
					<div class='test-content hide'>
<div class="sr-filters bdd-filters">
	<a class="btn-floating waves-effect waves-light pass green" title="pass"><i class='material-icons'>check_circle</i></a>
	<a class="btn-floating waves-effect waves-light fail red" title="fail"><i class='material-icons'>cancel</i></a>
	<a class="btn-floating waves-effect waves-light skip blue" title="skip"><i class='material-icons'>redo</i></a>
	<a class="btn-floating waves-effect waves-light clear grey" title="clear"><i class='material-icons'>clear</i></a>
</div>

<div class='scenario node' test-id='15' status='fail'>

	<span class='duration right label'>00 01 01.076</span>
	<div class="bdd-test">
		<div class="scenario-name"><span class='status fail' title='Fail'><i class='material-icons'>cancel</i></span> Scenario: School Admin generates the timetable for all the classes in the newly onboarded school</div>
	</div>
	
	
		<div class='category-list'>
				<span class='category label'>@TimetableConfiguration</span>
		</div>
	
	<ul class='steps'>
		<li test-id='17' class='node given Pass' status='Pass'>
			<div class="step-name" title="(com.stepdefinition.TC3_TimetableConfigurationStep.theUserIsLoggedIntoTheSchoolAdminDashboard())"><span class='status pass' title='Pass'><i class='material-icons'>check_circle</i></span>Given the user is logged into the School Admin Dashboard</div>


		</li>
		<li test-id='18' class='node when Fail' status='Fail'>
			<div class="step-name" title="(com.stepdefinition.TC3_TimetableConfigurationStep.theUserConfiguresSubjectHoursInThePage(java.lang.String))"><span class='status fail' title='Fail'><i class='material-icons'>cancel</i></span>When the user configures subject hours in the "Subject Mapping" page</div>


					<textarea disabled class="code-block">org.openqa.selenium.TimeoutException: Expected condition failed: waiting for element to be clickable: Proxy element for: DefaultElementLocator 'By.cssSelector: #schoolManagementSection' (tried for 30 second(s) with 500 milliseconds interval)
	at org.openqa.selenium.support.ui.WebDriverWait.timeoutException(WebDriverWait.java:84)
	at org.openqa.selenium.support.ui.FluentWait.until(FluentWait.java:228)
	at com.base.BaseClass.explicitWaitClickable(BaseClass.java:333)
	at com.pages.TimetableConfigurationPage.ConfigureSubjectHours(TimetableConfigurationPage.java:444)
	at com.stepdefinition.TC3_TimetableConfigurationStep.theUserConfiguresSubjectHoursInThePage(TC3_TimetableConfigurationStep.java:31)
	at ✽.the user configures subject hours in the "Subject Mapping" page(file:///Users/mullai/Documents/Git%20Workspace/LocalGreatifyWebAutomation/src/test/resources/Features/TC3_TimetableConfiguration.feature:8)
Caused by: org.openqa.selenium.NoSuchElementException: no such element: Unable to locate element: {"method":"css selector","selector":"#schoolManagementSection"}
  (Session info: chrome=121.0.6167.184)
For documentation on this error, please visit: https://www.selenium.dev/documentation/webdriver/troubleshooting/errors#no-such-element-exception
Build info: version: '4.17.0', revision: 'e52b1be057*'
System info: os.name: 'Mac OS X', os.arch: 'x86_64', os.version: '14.2.1', java.version: '17.0.8.1'
Driver info: org.openqa.selenium.chrome.ChromeDriver
Command: [5fe958ba9acb6cb88ad01ed0e54f4d69, findElement {value=#schoolManagementSection, using=css selector}]
Capabilities {acceptInsecureCerts: false, browserName: chrome, browserVersion: 121.0.6167.184, chrome: {chromedriverVersion: 121.0.6167.184 (057a8ae7deb..., userDataDir: /var/folders/53/crfhd_xs5q9...}, fedcm:accounts: true, goog:chromeOptions: {debuggerAddress: localhost:52707}, networkConnectionEnabled: false, pageLoadStrategy: normal, platformName: mac, proxy: Proxy(), se:cdp: ws://localhost:52707/devtoo..., se:cdpVersion: 121.0.6167.184, setWindowRect: true, strictFileInteractability: false, timeouts: {implicit: 0, pageLoad: 300000, script: 30000}, unhandledPromptBehavior: dismiss and notify, webauthn:extension:credBlob: true, webauthn:extension:largeBlob: true, webauthn:extension:minPinLength: true, webauthn:extension:prf: true, webauthn:virtualAuthenticators: true}
Session ID: 5fe958ba9acb6cb88ad01ed0e54f4d69
	at java.base/jdk.internal.reflect.NativeConstructorAccessorImpl.newInstance0(Native Method)
	at java.base/jdk.internal.reflect.NativeConstructorAccessorImpl.newInstance(NativeConstructorAccessorImpl.java:77)
	at java.base/jdk.internal.reflect.DelegatingConstructorAccessorImpl.newInstance(DelegatingConstructorAccessorImpl.java:45)
	at java.base/java.lang.reflect.Constructor.newInstanceWithCaller(Constructor.java:499)
	at java.base/java.lang.reflect.Constructor.newInstance(Constructor.java:480)
	at org.openqa.selenium.remote.codec.w3c.W3CHttpResponseCodec.createException(W3CHttpResponseCodec.java:185)
	at org.openqa.selenium.remote.codec.w3c.W3CHttpResponseCodec.decode(W3CHttpResponseCodec.java:134)
	at org.openqa.selenium.remote.codec.w3c.W3CHttpResponseCodec.decode(W3CHttpResponseCodec.java:51)
	at org.openqa.selenium.remote.HttpCommandExecutor.execute(HttpCommandExecutor.java:190)
	at org.openqa.selenium.remote.service.DriverCommandExecutor.invokeExecute(DriverCommandExecutor.java:216)
	at org.openqa.selenium.remote.service.DriverCommandExecutor.execute(DriverCommandExecutor.java:174)
	at org.openqa.selenium.remote.RemoteWebDriver.execute(RemoteWebDriver.java:519)
	at org.openqa.selenium.remote.ElementLocation$ElementFinder$2.findElement(ElementLocation.java:165)
	at org.openqa.selenium.remote.ElementLocation.findElement(ElementLocation.java:59)
	at org.openqa.selenium.remote.RemoteWebDriver.findElement(RemoteWebDriver.java:356)
	at org.openqa.selenium.remote.RemoteWebDriver.findElement(RemoteWebDriver.java:350)
	at org.openqa.selenium.support.pagefactory.DefaultElementLocator.findElement(DefaultElementLocator.java:68)
	at org.openqa.selenium.support.pagefactory.internal.LocatingElementHandler.invoke(LocatingElementHandler.java:38)
	at jdk.proxy2/jdk.proxy2.$Proxy27.isDisplayed(Unknown Source)
	at org.openqa.selenium.support.ui.ExpectedConditions.elementIfVisible(ExpectedConditions.java:304)
	at org.openqa.selenium.support.ui.ExpectedConditions$10.apply(ExpectedConditions.java:290)
	at org.openqa.selenium.support.ui.ExpectedConditions$10.apply(ExpectedConditions.java:287)
	at org.openqa.selenium.support.ui.ExpectedConditions$23.apply(ExpectedConditions.java:656)
	at org.openqa.selenium.support.ui.ExpectedConditions$23.apply(ExpectedConditions.java:652)
	at org.openqa.selenium.support.ui.FluentWait.until(FluentWait.java:203)
	at com.base.BaseClass.explicitWaitClickable(BaseClass.java:333)
	at com.pages.TimetableConfigurationPage.ConfigureSubjectHours(TimetableConfigurationPage.java:444)
	at com.stepdefinition.TC3_TimetableConfigurationStep.theUserConfiguresSubjectHoursInThePage(TC3_TimetableConfigurationStep.java:31)
	at java.base/jdk.internal.reflect.NativeMethodAccessorImpl.invoke0(Native Method)
	at java.base/jdk.internal.reflect.NativeMethodAccessorImpl.invoke(NativeMethodAccessorImpl.java:77)
	at java.base/jdk.internal.reflect.DelegatingMethodAccessorImpl.invoke(DelegatingMethodAccessorImpl.java:43)
	at java.base/java.lang.reflect.Method.invoke(Method.java:568)
	at io.cucumber.java.Invoker.doInvoke(Invoker.java:66)
	at io.cucumber.java.Invoker.invoke(Invoker.java:24)
	at io.cucumber.java.AbstractGlueDefinition.invokeMethod(AbstractGlueDefinition.java:47)
	at io.cucumber.java.JavaStepDefinition.execute(JavaStepDefinition.java:29)
	at io.cucumber.core.runner.CoreStepDefinition.execute(CoreStepDefinition.java:66)
	at io.cucumber.core.runner.PickleStepDefinitionMatch.runStep(PickleStepDefinitionMatch.java:63)
	at io.cucumber.core.runner.ExecutionMode$1.execute(ExecutionMode.java:10)
	at io.cucumber.core.runner.TestStep.executeStep(TestStep.java:84)
	at io.cucumber.core.runner.TestStep.run(TestStep.java:56)
	at io.cucumber.core.runner.PickleStepTestStep.run(PickleStepTestStep.java:51)
	at io.cucumber.core.runner.TestCase.run(TestCase.java:84)
	at io.cucumber.core.runner.Runner.runPickle(Runner.java:75)
	at io.cucumber.junit.PickleRunners$WithStepDescriptions.lambda$run$1(PickleRunners.java:109)
	at io.cucumber.core.runtime.CucumberExecutionContext.lambda$runTestCase$5(CucumberExecutionContext.java:137)
	at io.cucumber.core.runtime.RethrowingThrowableCollector.executeAndThrow(RethrowingThrowableCollector.java:23)
	at io.cucumber.core.runtime.CucumberExecutionContext.runTestCase(CucumberExecutionContext.java:137)
	at io.cucumber.junit.PickleRunners$WithStepDescriptions.run(PickleRunners.java:106)
	at io.cucumber.junit.FeatureRunner.runChild(FeatureRunner.java:144)
	at io.cucumber.junit.FeatureRunner.runChild(FeatureRunner.java:28)
	at org.junit.runners.ParentRunner$4.run(ParentRunner.java:331)
	at org.junit.runners.ParentRunner$1.schedule(ParentRunner.java:79)
	at org.junit.runners.ParentRunner.runChildren(ParentRunner.java:329)
	at org.junit.runners.ParentRunner.access$100(ParentRunner.java:66)
	at org.junit.runners.ParentRunner$2.evaluate(ParentRunner.java:293)
	at org.junit.runners.ParentRunner$3.evaluate(ParentRunner.java:306)
	at org.junit.runners.ParentRunner.run(ParentRunner.java:413)
	at io.cucumber.junit.FeatureRunner.run(FeatureRunner.java:137)
	at io.cucumber.junit.Cucumber.runChild(Cucumber.java:196)
	at io.cucumber.junit.Cucumber.runChild(Cucumber.java:89)
	at org.junit.runners.ParentRunner$4.run(ParentRunner.java:331)
	at org.junit.runners.ParentRunner$1.schedule(ParentRunner.java:79)
	at org.junit.runners.ParentRunner.runChildren(ParentRunner.java:329)
	at org.junit.runners.ParentRunner.access$100(ParentRunner.java:66)
	at org.junit.runners.ParentRunner$2.evaluate(ParentRunner.java:293)
	at io.cucumber.core.runtime.CucumberExecutionContext.lambda$runFeatures$6(CucumberExecutionContext.java:148)
	at io.cucumber.core.runtime.CucumberExecutionContext.execute(CucumberExecutionContext.java:163)
	at io.cucumber.core.runtime.CucumberExecutionContext.runFeatures(CucumberExecutionContext.java:146)
	at io.cucumber.junit.Cucumber$StartAndFinishTestRun.evaluate(Cucumber.java:226)
	at org.junit.internal.runners.statements.RunAfters.evaluate(RunAfters.java:27)
	at org.junit.runners.ParentRunner$3.evaluate(ParentRunner.java:306)
	at org.junit.runners.ParentRunner.run(ParentRunner.java:413)
	at org.eclipse.jdt.internal.junit4.runner.JUnit4TestReference.run(JUnit4TestReference.java:93)
	at org.eclipse.jdt.internal.junit.runner.TestExecution.run(TestExecution.java:40)
	at org.eclipse.jdt.internal.junit.runner.RemoteTestRunner.runTests(RemoteTestRunner.java:529)
	at org.eclipse.jdt.internal.junit.runner.RemoteTestRunner.runTests(RemoteTestRunner.java:756)
	at org.eclipse.jdt.internal.junit.runner.RemoteTestRunner.run(RemoteTestRunner.java:452)
	at org.eclipse.jdt.internal.junit.runner.RemoteTestRunner.main(RemoteTestRunner.java:210)
</textarea>
		</li>
		<li test-id='19' class='node and Skip' status='Skip'>
			<div class="step-name" title="(com.stepdefinition.TC3_TimetableConfigurationStep.theUserConfiguresHolidayInformationForTheAcademicYearInThePage(java.lang.String))"><span class='status skip' title='Skip'><i class='material-icons'>redo</i></span>And the user configures holiday information for the academic year in the "Manage Calendar" page</div>


					<div class="node-step">Step skipped</div>
		</li>
		<li test-id='20' class='node and Skip' status='Skip'>
			<div class="step-name" title="(com.stepdefinition.TC3_TimetableConfigurationStep.theUserNavigatesToThePageInTheSchoolAdminDashboard(java.lang.String))"><span class='status skip' title='Skip'><i class='material-icons'>redo</i></span>And the user navigates to the "Manage Timetable" page in the School Admin Dashboard</div>


					<div class="node-step">Step skipped</div>
		</li>
		<li test-id='21' class='node and Skip' status='Skip'>
			<div class="step-name" title="(com.stepdefinition.TC3_TimetableConfigurationStep.theUserEntersAllTheRequiredCredentialsForCreatingTheTimetable())"><span class='status skip' title='Skip'><i class='material-icons'>redo</i></span>And the user enters all the required credentials for creating the timetable</div>


					<div class="node-step">Step skipped</div>
		</li>
		<li test-id='22' class='node and Skip' status='Skip'>
			<div class="step-name" title="(com.stepdefinition.TC3_TimetableConfigurationStep.theUserConfiguresAndPublishesTheTimetable())"><span class='status skip' title='Skip'><i class='material-icons'>redo</i></span>And the user configures and publishes the timetable</div>


					<div class="node-step">Step skipped</div>
		</li>
		<li test-id='23' class='node then Skip' status='Skip'>
			<div class="step-name" title="(com.stepdefinition.TC3_TimetableConfigurationStep.theUserVerifiesTheSuccessfulPopupMessage())"><span class='status skip' title='Skip'><i class='material-icons'>redo</i></span>Then the user verifies the successful popup message</div>


					<div class="node-step">Step skipped</div>
		</li>
		<li test-id='24' class='node * Pass' status='Pass'>
			<div class="step-name" title="(AFTER)"><span class='status pass' title='Pass'><i class='material-icons'>check_circle</i></span>com.stepdefinition.HooksClass.afterScenario(io.cucumber.java.Scenario)</div>


					<div class="node-step">Failed Scenario Screenshot</div>
					<div class='screenshots'>
						<img width='80' height='40' onerror='this.style.display="none"' data-featherlight='../embedded2.png' src='../embedded2.png'>
					</div>
		</li>
	</ul>
</div>
					</div>
				</li>
				<li class='test displayed active has-leaf fail' status='fail' bdd='true' test-id='25'>
					<div class='test-heading'>
						<span class='test-name'>Manage School Fees, Add-On Fees, and Fee Discounts for newly Onboarded School</span>
						<span class='test-time'>Feb 21, 2024 05:11:24 pm</span>
						<span class='test-status right fail'>Fail</span>
					</div>
					<div class='test-content hide'>
<div class="sr-filters bdd-filters">
	<a class="btn-floating waves-effect waves-light pass green" title="pass"><i class='material-icons'>check_circle</i></a>
	<a class="btn-floating waves-effect waves-light fail red" title="fail"><i class='material-icons'>cancel</i></a>
	<a class="btn-floating waves-effect waves-light skip blue" title="skip"><i class='material-icons'>redo</i></a>
	<a class="btn-floating waves-effect waves-light clear grey" title="clear"><i class='material-icons'>clear</i></a>
</div>

<div class='scenario node' test-id='26' status='fail'>

	<span class='duration right label'>00 01 01.095</span>
	<div class="bdd-test">
		<div class="scenario-name"><span class='status fail' title='Fail'><i class='material-icons'>cancel</i></span> Scenario: Manage School Fees, Add-On Fees, Fee Discounts</div>
	</div>
	
	
		<div class='category-list'>
				<span class='category label'>@FeeManage</span>
		</div>
	
	<ul class='steps'>
		<li test-id='28' class='node given Pass' status='Pass'>
			<div class="step-name" title="(com.stepdefinition.TC3_TimetableConfigurationStep.theUserIsLoggedIntoTheSchoolAdminDashboard())"><span class='status pass' title='Pass'><i class='material-icons'>check_circle</i></span>Given the user is logged into the School Admin Dashboard</div>


		</li>
		<li test-id='29' class='node when Fail' status='Fail'>
			<div class="step-name" title="(com.stepdefinition.TC4_FeeManagementStep.theUserCreatesNewSchoolFees())"><span class='status fail' title='Fail'><i class='material-icons'>cancel</i></span>When the user creates new School Fees</div>


					<textarea disabled class="code-block">org.openqa.selenium.TimeoutException: Expected condition failed: waiting for element to be clickable: Proxy element for: DefaultElementLocator 'By.id: leadManagementSection' (tried for 20 second(s) with 500 milliseconds interval)
	at org.openqa.selenium.support.ui.WebDriverWait.timeoutException(WebDriverWait.java:84)
	at org.openqa.selenium.support.ui.FluentWait.until(FluentWait.java:228)
	at com.base.BaseClass.explicitWaitClickable(BaseClass.java:333)
	at com.pages.FeeManagementPage.CreatesNewSchoolFees(FeeManagementPage.java:709)
	at com.stepdefinition.TC4_FeeManagementStep.theUserCreatesNewSchoolFees(TC4_FeeManagementStep.java:28)
	at ✽.the user creates new School Fees(file:///Users/mullai/Documents/Git%20Workspace/LocalGreatifyWebAutomation/src/test/resources/Features/TC4_FeeManagement.feature:8)
Caused by: org.openqa.selenium.NoSuchElementException: no such element: Unable to locate element: {"method":"css selector","selector":"#leadManagementSection"}
  (Session info: chrome=121.0.6167.184)
For documentation on this error, please visit: https://www.selenium.dev/documentation/webdriver/troubleshooting/errors#no-such-element-exception
Build info: version: '4.17.0', revision: 'e52b1be057*'
System info: os.name: 'Mac OS X', os.arch: 'x86_64', os.version: '14.2.1', java.version: '17.0.8.1'
Driver info: org.openqa.selenium.chrome.ChromeDriver
Command: [5fe958ba9acb6cb88ad01ed0e54f4d69, findElement {value=leadManagementSection, using=id}]
Capabilities {acceptInsecureCerts: false, browserName: chrome, browserVersion: 121.0.6167.184, chrome: {chromedriverVersion: 121.0.6167.184 (057a8ae7deb..., userDataDir: /var/folders/53/crfhd_xs5q9...}, fedcm:accounts: true, goog:chromeOptions: {debuggerAddress: localhost:52707}, networkConnectionEnabled: false, pageLoadStrategy: normal, platformName: mac, proxy: Proxy(), se:cdp: ws://localhost:52707/devtoo..., se:cdpVersion: 121.0.6167.184, setWindowRect: true, strictFileInteractability: false, timeouts: {implicit: 0, pageLoad: 300000, script: 30000}, unhandledPromptBehavior: dismiss and notify, webauthn:extension:credBlob: true, webauthn:extension:largeBlob: true, webauthn:extension:minPinLength: true, webauthn:extension:prf: true, webauthn:virtualAuthenticators: true}
Session ID: 5fe958ba9acb6cb88ad01ed0e54f4d69
	at java.base/jdk.internal.reflect.NativeConstructorAccessorImpl.newInstance0(Native Method)
	at java.base/jdk.internal.reflect.NativeConstructorAccessorImpl.newInstance(NativeConstructorAccessorImpl.java:77)
	at java.base/jdk.internal.reflect.DelegatingConstructorAccessorImpl.newInstance(DelegatingConstructorAccessorImpl.java:45)
	at java.base/java.lang.reflect.Constructor.newInstanceWithCaller(Constructor.java:499)
	at java.base/java.lang.reflect.Constructor.newInstance(Constructor.java:480)
	at org.openqa.selenium.remote.codec.w3c.W3CHttpResponseCodec.createException(W3CHttpResponseCodec.java:185)
	at org.openqa.selenium.remote.codec.w3c.W3CHttpResponseCodec.decode(W3CHttpResponseCodec.java:134)
	at org.openqa.selenium.remote.codec.w3c.W3CHttpResponseCodec.decode(W3CHttpResponseCodec.java:51)
	at org.openqa.selenium.remote.HttpCommandExecutor.execute(HttpCommandExecutor.java:190)
	at org.openqa.selenium.remote.service.DriverCommandExecutor.invokeExecute(DriverCommandExecutor.java:216)
	at org.openqa.selenium.remote.service.DriverCommandExecutor.execute(DriverCommandExecutor.java:174)
	at org.openqa.selenium.remote.RemoteWebDriver.execute(RemoteWebDriver.java:519)
	at org.openqa.selenium.remote.ElementLocation$ElementFinder$2.findElement(ElementLocation.java:165)
	at org.openqa.selenium.remote.ElementLocation.findElement(ElementLocation.java:66)
	at org.openqa.selenium.remote.RemoteWebDriver.findElement(RemoteWebDriver.java:356)
	at org.openqa.selenium.remote.RemoteWebDriver.findElement(RemoteWebDriver.java:350)
	at org.openqa.selenium.support.pagefactory.DefaultElementLocator.findElement(DefaultElementLocator.java:68)
	at org.openqa.selenium.support.pagefactory.internal.LocatingElementHandler.invoke(LocatingElementHandler.java:38)
	at jdk.proxy2/jdk.proxy2.$Proxy27.isDisplayed(Unknown Source)
	at org.openqa.selenium.support.ui.ExpectedConditions.elementIfVisible(ExpectedConditions.java:304)
	at org.openqa.selenium.support.ui.ExpectedConditions$10.apply(ExpectedConditions.java:290)
	at org.openqa.selenium.support.ui.ExpectedConditions$10.apply(ExpectedConditions.java:287)
	at org.openqa.selenium.support.ui.ExpectedConditions$23.apply(ExpectedConditions.java:656)
	at org.openqa.selenium.support.ui.ExpectedConditions$23.apply(ExpectedConditions.java:652)
	at org.openqa.selenium.support.ui.FluentWait.until(FluentWait.java:203)
	at com.base.BaseClass.explicitWaitClickable(BaseClass.java:333)
	at com.pages.FeeManagementPage.CreatesNewSchoolFees(FeeManagementPage.java:709)
	at com.stepdefinition.TC4_FeeManagementStep.theUserCreatesNewSchoolFees(TC4_FeeManagementStep.java:28)
	at java.base/jdk.internal.reflect.NativeMethodAccessorImpl.invoke0(Native Method)
	at java.base/jdk.internal.reflect.NativeMethodAccessorImpl.invoke(NativeMethodAccessorImpl.java:77)
	at java.base/jdk.internal.reflect.DelegatingMethodAccessorImpl.invoke(DelegatingMethodAccessorImpl.java:43)
	at java.base/java.lang.reflect.Method.invoke(Method.java:568)
	at io.cucumber.java.Invoker.doInvoke(Invoker.java:66)
	at io.cucumber.java.Invoker.invoke(Invoker.java:24)
	at io.cucumber.java.AbstractGlueDefinition.invokeMethod(AbstractGlueDefinition.java:47)
	at io.cucumber.java.JavaStepDefinition.execute(JavaStepDefinition.java:29)
	at io.cucumber.core.runner.CoreStepDefinition.execute(CoreStepDefinition.java:66)
	at io.cucumber.core.runner.PickleStepDefinitionMatch.runStep(PickleStepDefinitionMatch.java:63)
	at io.cucumber.core.runner.ExecutionMode$1.execute(ExecutionMode.java:10)
	at io.cucumber.core.runner.TestStep.executeStep(TestStep.java:84)
	at io.cucumber.core.runner.TestStep.run(TestStep.java:56)
	at io.cucumber.core.runner.PickleStepTestStep.run(PickleStepTestStep.java:51)
	at io.cucumber.core.runner.TestCase.run(TestCase.java:84)
	at io.cucumber.core.runner.Runner.runPickle(Runner.java:75)
	at io.cucumber.junit.PickleRunners$WithStepDescriptions.lambda$run$1(PickleRunners.java:109)
	at io.cucumber.core.runtime.CucumberExecutionContext.lambda$runTestCase$5(CucumberExecutionContext.java:137)
	at io.cucumber.core.runtime.RethrowingThrowableCollector.executeAndThrow(RethrowingThrowableCollector.java:23)
	at io.cucumber.core.runtime.CucumberExecutionContext.runTestCase(CucumberExecutionContext.java:137)
	at io.cucumber.junit.PickleRunners$WithStepDescriptions.run(PickleRunners.java:106)
	at io.cucumber.junit.FeatureRunner.runChild(FeatureRunner.java:144)
	at io.cucumber.junit.FeatureRunner.runChild(FeatureRunner.java:28)
	at org.junit.runners.ParentRunner$4.run(ParentRunner.java:331)
	at org.junit.runners.ParentRunner$1.schedule(ParentRunner.java:79)
	at org.junit.runners.ParentRunner.runChildren(ParentRunner.java:329)
	at org.junit.runners.ParentRunner.access$100(ParentRunner.java:66)
	at org.junit.runners.ParentRunner$2.evaluate(ParentRunner.java:293)
	at org.junit.runners.ParentRunner$3.evaluate(ParentRunner.java:306)
	at org.junit.runners.ParentRunner.run(ParentRunner.java:413)
	at io.cucumber.junit.FeatureRunner.run(FeatureRunner.java:137)
	at io.cucumber.junit.Cucumber.runChild(Cucumber.java:196)
	at io.cucumber.junit.Cucumber.runChild(Cucumber.java:89)
	at org.junit.runners.ParentRunner$4.run(ParentRunner.java:331)
	at org.junit.runners.ParentRunner$1.schedule(ParentRunner.java:79)
	at org.junit.runners.ParentRunner.runChildren(ParentRunner.java:329)
	at org.junit.runners.ParentRunner.access$100(ParentRunner.java:66)
	at org.junit.runners.ParentRunner$2.evaluate(ParentRunner.java:293)
	at io.cucumber.core.runtime.CucumberExecutionContext.lambda$runFeatures$6(CucumberExecutionContext.java:148)
	at io.cucumber.core.runtime.CucumberExecutionContext.execute(CucumberExecutionContext.java:163)
	at io.cucumber.core.runtime.CucumberExecutionContext.runFeatures(CucumberExecutionContext.java:146)
	at io.cucumber.junit.Cucumber$StartAndFinishTestRun.evaluate(Cucumber.java:226)
	at org.junit.internal.runners.statements.RunAfters.evaluate(RunAfters.java:27)
	at org.junit.runners.ParentRunner$3.evaluate(ParentRunner.java:306)
	at org.junit.runners.ParentRunner.run(ParentRunner.java:413)
	at org.eclipse.jdt.internal.junit4.runner.JUnit4TestReference.run(JUnit4TestReference.java:93)
	at org.eclipse.jdt.internal.junit.runner.TestExecution.run(TestExecution.java:40)
	at org.eclipse.jdt.internal.junit.runner.RemoteTestRunner.runTests(RemoteTestRunner.java:529)
	at org.eclipse.jdt.internal.junit.runner.RemoteTestRunner.runTests(RemoteTestRunner.java:756)
	at org.eclipse.jdt.internal.junit.runner.RemoteTestRunner.run(RemoteTestRunner.java:452)
	at org.eclipse.jdt.internal.junit.runner.RemoteTestRunner.main(RemoteTestRunner.java:210)
</textarea>
		</li>
		<li test-id='30' class='node then Skip' status='Skip'>
			<div class="step-name" title="(com.stepdefinition.TC4_FeeManagementStep.theUserShouldSeeTheCreatedSchoolFees())"><span class='status skip' title='Skip'><i class='material-icons'>redo</i></span>Then the user should see the created School Fees</div>


					<div class="node-step">Step skipped</div>
		</li>
		<li test-id='31' class='node and Skip' status='Skip'>
			<div class="step-name" title="(com.stepdefinition.TC4_FeeManagementStep.theUserPublishTheSchoolFees())"><span class='status skip' title='Skip'><i class='material-icons'>redo</i></span>And the user publish the School fees</div>


					<div class="node-step">Step skipped</div>
		</li>
		<li test-id='32' class='node when Skip' status='Skip'>
			<div class="step-name" title="(com.stepdefinition.TC4_FeeManagementStep.theUserCreatesNewAddOnFees())"><span class='status skip' title='Skip'><i class='material-icons'>redo</i></span>When the user creates new Add-On Fees</div>


					<div class="node-step">Step skipped</div>
		</li>
		<li test-id='33' class='node then Skip' status='Skip'>
			<div class="step-name" title="(com.stepdefinition.TC4_FeeManagementStep.theUserShouldSeeTheCreatedAddOnFees())"><span class='status skip' title='Skip'><i class='material-icons'>redo</i></span>Then the user should see the created Add-On Fees</div>


					<div class="node-step">Step skipped</div>
		</li>
		<li test-id='34' class='node when Skip' status='Skip'>
			<div class="step-name" title="(com.stepdefinition.TC4_FeeManagementStep.theUserCreatesNewFeeDiscount())"><span class='status skip' title='Skip'><i class='material-icons'>redo</i></span>When the user creates new Fee Discount</div>


					<div class="node-step">Step skipped</div>
		</li>
		<li test-id='35' class='node then Skip' status='Skip'>
			<div class="step-name" title="(com.stepdefinition.TC4_FeeManagementStep.theUserShouldSeeTheCreatedFeeDiscount())"><span class='status skip' title='Skip'><i class='material-icons'>redo</i></span>Then the user should see the created Fee Discount</div>


					<div class="node-step">Step skipped</div>
		</li>
		<li test-id='36' class='node when Skip' status='Skip'>
			<div class="step-name" title="(com.stepdefinition.TC4_FeeManagementStep.theUserUpdatesTheSchoolFees())"><span class='status skip' title='Skip'><i class='material-icons'>redo</i></span>When the user updates the School Fees</div>


					<div class="node-step">Step skipped</div>
		</li>
		<li test-id='37' class='node then Skip' status='Skip'>
			<div class="step-name" title="(com.stepdefinition.TC4_FeeManagementStep.theUserShouldSeeTheUpdatedSchoolFees())"><span class='status skip' title='Skip'><i class='material-icons'>redo</i></span>Then the user should see the updated School Fees</div>


					<div class="node-step">Step skipped</div>
		</li>
		<li test-id='38' class='node when Skip' status='Skip'>
			<div class="step-name" title="(com.stepdefinition.TC4_FeeManagementStep.theUserUpdatesTheAddOnFees())"><span class='status skip' title='Skip'><i class='material-icons'>redo</i></span>When the user updates the Add-On Fees</div>


					<div class="node-step">Step skipped</div>
		</li>
		<li test-id='39' class='node then Skip' status='Skip'>
			<div class="step-name" title="(com.stepdefinition.TC4_FeeManagementStep.theUserShouldSeeTheUpdatedAddOnFees())"><span class='status skip' title='Skip'><i class='material-icons'>redo</i></span>Then the user should see the updated Add-On Fees</div>


					<div class="node-step">Step skipped</div>
		</li>
		<li test-id='40' class='node when Skip' status='Skip'>
			<div class="step-name" title="(com.stepdefinition.TC4_FeeManagementStep.theUserUpdatesTheFeeDiscount())"><span class='status skip' title='Skip'><i class='material-icons'>redo</i></span>When the user updates the Fee Discount</div>


					<div class="node-step">Step skipped</div>
		</li>
		<li test-id='41' class='node then Skip' status='Skip'>
			<div class="step-name" title="(com.stepdefinition.TC4_FeeManagementStep.theUserShouldSeeTheUpdatedFeeDiscount())"><span class='status skip' title='Skip'><i class='material-icons'>redo</i></span>Then the user should see the updated Fee Discount</div>


					<div class="node-step">Step skipped</div>
		</li>
		<li test-id='42' class='node when Skip' status='Skip'>
			<div class="step-name" title="(com.stepdefinition.TC4_FeeManagementStep.theUserDeletesTheFeeDiscount())"><span class='status skip' title='Skip'><i class='material-icons'>redo</i></span>When the user deletes the Fee Discount</div>


					<div class="node-step">Step skipped</div>
		</li>
		<li test-id='43' class='node then Skip' status='Skip'>
			<div class="step-name" title="(com.stepdefinition.TC4_FeeManagementStep.theUserShouldVerifyThatTheFeeDiscountIsDeleted())"><span class='status skip' title='Skip'><i class='material-icons'>redo</i></span>Then the user should verify that the Fee Discount is deleted</div>


					<div class="node-step">Step skipped</div>
		</li>
		<li test-id='44' class='node when Skip' status='Skip'>
			<div class="step-name" title="(com.stepdefinition.TC4_FeeManagementStep.theUserDeletesTheAddOnFees())"><span class='status skip' title='Skip'><i class='material-icons'>redo</i></span>When the user deletes the Add-On Fees</div>


					<div class="node-step">Step skipped</div>
		</li>
		<li test-id='45' class='node then Skip' status='Skip'>
			<div class="step-name" title="(com.stepdefinition.TC4_FeeManagementStep.theUserShouldVerifyThatTheAddOnFeeIsDeleted())"><span class='status skip' title='Skip'><i class='material-icons'>redo</i></span>Then the user should verify that the Add-On Fee is deleted</div>


					<div class="node-step">Step skipped</div>
		</li>
		<li test-id='46' class='node when Skip' status='Skip'>
			<div class="step-name" title="(com.stepdefinition.TC4_FeeManagementStep.theUserDeletesTheSchoolFees())"><span class='status skip' title='Skip'><i class='material-icons'>redo</i></span>When the user deletes the School Fees</div>


					<div class="node-step">Step skipped</div>
		</li>
		<li test-id='47' class='node then Skip' status='Skip'>
			<div class="step-name" title="(com.stepdefinition.TC4_FeeManagementStep.theUserShouldVerifyThatTheSchoolFeesAreDeleted())"><span class='status skip' title='Skip'><i class='material-icons'>redo</i></span>Then the user should verify that the School Fees are deleted</div>


					<div class="node-step">Step skipped</div>
		</li>
		<li test-id='48' class='node * Pass' status='Pass'>
			<div class="step-name" title="(AFTER)"><span class='status pass' title='Pass'><i class='material-icons'>check_circle</i></span>com.stepdefinition.HooksClass.afterScenario(io.cucumber.java.Scenario)</div>


					<div class="node-step">Failed Scenario Screenshot</div>
					<div class='screenshots'>
						<img width='80' height='40' onerror='this.style.display="none"' data-featherlight='../embedded3.png' src='../embedded3.png'>
					</div>
		</li>
	</ul>
</div>
					</div>
				</li>
			</ul>
		</div>
	</div>
	
	
	<!-- subview left -->
	<div class='subview-right left'>
		<div class='view-summary'>
			<div id='step-filters' class="right sr-filters">
				<a class="btn-floating waves-effect waves-light green" status="pass" alt="pass" title="pass"><i class="material-icons">check_circle</i></a>
				<a class="btn-floating waves-effect waves-light red" status="fail" alt="fail" title="fail"><i class="material-icons">cancel</i></a>
				<a class="btn-floating waves-effect waves-light red darken-4" status="fatal" alt="fatal" title="fatal"><i class="material-icons">cancel</i></a>
				<a class="btn-floating waves-effect waves-light pink text-lighten-1" status="error" alt="error" title="error"><i class="material-icons">error</i></a>
				<a class="btn-floating waves-effect waves-light orange" alt="warning" status="warning" title="warning"><i class="material-icons">warning</i></a>
				<a class="btn-floating waves-effect waves-light teal" status="skip" alt="skip" title="skip"><i class="material-icons">redo</i></a>
				<a class="btn-floating waves-effect waves-light grey" status="clear" alt="Clear filters" title="Clear filters"><i class="material-icons">clear</i></a>
			</div>
			<h5 class='test-name'></h5>
		</div>
	</div>
	<!-- subview right -->
</div>
<!-- test view --><div id='category-view' class='view hide'>
	<section id='controls'>
		<div class='controls grey lighten-4'>
			<!-- search -->
			<div class='chip transparent' alt='Search Tests' title='Search Tests'>
				<a href="#" class='search-div'>
				<i class='material-icons'>search</i> Search
				</a>
				<div class='input-field left hide'>
					<input id='search-tests' type='text' class='validate browser-default' placeholder='Search Tests...'>
				</div>
			</div>
			<!-- search -->
		</div>
	</section>
	<div class='subview-left left'>
		<div class='view-summary'>
			<ul id='category-collection' class='category-collection'>
				<li class='category displayed active'>
					<div class='category-heading'>
						<span class='category-name'>@SchoolOnboard</span>
						<span class='category-status right'>
						<span class='label fail'>1</span>
						</span>
					</div>
					<div class='category-content hide'>
						<div class='category-status-counts'>
							
							<span status="fail" class='label red lighten-1 white-text'>Failed: 1</span>
							
						</div>
						<div class='category-tests'>
							<table class='bordered table-results'>
								<thead>
									<tr>
										<th>Timestamp</th>
										<th>TestName</th>
										<th>Status</th>
									</tr>
								</thead>
								<tbody>
									<tr>
										<td>Feb 21, 2024 05:10:15 pm</td>
										<td class='linked' test-id='2'>Invite a new school, onboard the school, and log in to the School Admin Dashboard.</td>
										<td><span class='test-status Fail'>Fail</span></td>
									</tr>
								</tbody>
							</table>
						</div>
					</div>
				</li>
				<li class='category displayed active'>
					<div class='category-heading'>
						<span class='category-name'>@TimetableConfiguration</span>
						<span class='category-status right'>
						<span class='label fail'>1</span>
						</span>
					</div>
					<div class='category-content hide'>
						<div class='category-status-counts'>
							
							<span status="fail" class='label red lighten-1 white-text'>Failed: 1</span>
							
						</div>
						<div class='category-tests'>
							<table class='bordered table-results'>
								<thead>
									<tr>
										<th>Timestamp</th>
										<th>TestName</th>
										<th>Status</th>
									</tr>
								</thead>
								<tbody>
									<tr>
										<td>Feb 21, 2024 05:10:23 pm</td>
										<td class='linked' test-id='15'>School Admin generates the timetable for all the classes in the newly onboarded school</td>
										<td><span class='test-status Fail'>Fail</span></td>
									</tr>
								</tbody>
							</table>
						</div>
					</div>
				</li>
				<li class='category displayed active'>
					<div class='category-heading'>
						<span class='category-name'>@FeeManage</span>
						<span class='category-status right'>
						<span class='label fail'>1</span>
						</span>
					</div>
					<div class='category-content hide'>
						<div class='category-status-counts'>
							
							<span status="fail" class='label red lighten-1 white-text'>Failed: 1</span>
							
						</div>
						<div class='category-tests'>
							<table class='bordered table-results'>
								<thead>
									<tr>
										<th>Timestamp</th>
										<th>TestName</th>
										<th>Status</th>
									</tr>
								</thead>
								<tbody>
									<tr>
										<td>Feb 21, 2024 05:11:24 pm</td>
										<td class='linked' test-id='26'>Manage School Fees, Add-On Fees, Fee Discounts</td>
										<td><span class='test-status Fail'>Fail</span></td>
									</tr>
								</tbody>
							</table>
						</div>
					</div>
				</li>
			</ul>
		</div>
	</div>
	<div class='subview-right left'>
		<div class='view-summary'>
			<h5 class='category-name'></h5>
		</div>
	</div>
</div>
<!-- category view --><div id='exception-view' class='view hide'>
	<section id='controls'>
		<div class='controls grey lighten-4'>
			<!-- search -->
			<div class='chip transparent' alt='Search Tests' title='Search Tests'>
				<a href="#" class='search-div'>
				<i class='material-icons'>search</i> Search
				</a>
				<div class='input-field left hide'>
					<input id='search-tests' type='text' class='validate browser-default' placeholder='Search Tests...'>
				</div>
			</div>
			<!-- search -->
		</div>
	</section>
	<div class='subview-left left'>
		<div class='view-summary'>
			<ul id='exception-collection' class='exception-collection'>
				<li class='exception displayed active'>
					<div class='exception-heading'>
						<span class='exception-name'>java.lang.NullPointerException</span>
						<span class='exception-count right'><span class='label red lighten-1 white-text'>1</span></span>
					</div>
					<div class='exception-content hide'>
						<div class='exception-tests'>
							<table class='bordered table-results'>
								<thead>
									<tr>
										<th>Timestamp</th>
										<th>TestName</th>
										<th>StackTrace</th>
									</tr>
								</thead>
								<tbody>
									<tr>
										<td>Feb 21, 2024 05:10:15 pm</td>
										<td class='linked' test-id='4'>Given the user is logged into the Super Admin Dashboard</td>
										<td>
											<textarea disabled class="code-block">java.lang.NullPointerException
	at java.base/java.util.Objects.requireNonNull(Objects.java:209)
	at java.base/java.util.ImmutableCollections$Map1.<init>(ImmutableCollections.java:1105)
	at java.base/java.util.Map.of(Map.java:1353)
	at org.openqa.selenium.remote.DriverCommand.GET(DriverCommand.java:180)
	at org.openqa.selenium.remote.RemoteWebDriver.get(RemoteWebDriver.java:301)
	at com.base.BaseClass.enterUrl(BaseClass.java:59)
	at com.stepdefinition.TC2_SchoolAdminOnboardStep.theUserIsLoggedIntoTheSuperAdminDashboard(TC2_SchoolAdminOnboardStep.java:30)
	at ✽.the user is logged into the Super Admin Dashboard(file:///Users/mullai/Documents/Git%20Workspace/LocalGreatifyWebAutomation/src/test/resources/Features/TC2_SchoolAdminOnboard.feature:5)
</textarea>
										</td>
									</tr>
								</tbody>
							</table>
						</div>
					</div>
				</li>
				<li class='exception displayed active'>
					<div class='exception-heading'>
						<span class='exception-name'>org.openqa.selenium.TimeoutException</span>
						<span class='exception-count right'><span class='label red lighten-1 white-text'>2</span></span>
					</div>
					<div class='exception-content hide'>
						<div class='exception-tests'>
							<table class='bordered table-results'>
								<thead>
									<tr>
										<th>Timestamp</th>
										<th>TestName</th>
										<th>StackTrace</th>
									</tr>
								</thead>
								<tbody>
									<tr>
										<td>Feb 21, 2024 05:10:23 pm</td>
										<td class='linked' test-id='18'>When the user configures subject hours in the "Subject Mapping" page</td>
										<td>
											<textarea disabled class="code-block">org.openqa.selenium.TimeoutException: Expected condition failed: waiting for element to be clickable: Proxy element for: DefaultElementLocator 'By.cssSelector: #schoolManagementSection' (tried for 30 second(s) with 500 milliseconds interval)
	at org.openqa.selenium.support.ui.WebDriverWait.timeoutException(WebDriverWait.java:84)
	at org.openqa.selenium.support.ui.FluentWait.until(FluentWait.java:228)
	at com.base.BaseClass.explicitWaitClickable(BaseClass.java:333)
	at com.pages.TimetableConfigurationPage.ConfigureSubjectHours(TimetableConfigurationPage.java:444)
	at com.stepdefinition.TC3_TimetableConfigurationStep.theUserConfiguresSubjectHoursInThePage(TC3_TimetableConfigurationStep.java:31)
	at ✽.the user configures subject hours in the "Subject Mapping" page(file:///Users/mullai/Documents/Git%20Workspace/LocalGreatifyWebAutomation/src/test/resources/Features/TC3_TimetableConfiguration.feature:8)
Caused by: org.openqa.selenium.NoSuchElementException: no such element: Unable to locate element: {"method":"css selector","selector":"#schoolManagementSection"}
  (Session info: chrome=121.0.6167.184)
For documentation on this error, please visit: https://www.selenium.dev/documentation/webdriver/troubleshooting/errors#no-such-element-exception
Build info: version: '4.17.0', revision: 'e52b1be057*'
System info: os.name: 'Mac OS X', os.arch: 'x86_64', os.version: '14.2.1', java.version: '17.0.8.1'
Driver info: org.openqa.selenium.chrome.ChromeDriver
Command: [5fe958ba9acb6cb88ad01ed0e54f4d69, findElement {value=#schoolManagementSection, using=css selector}]
Capabilities {acceptInsecureCerts: false, browserName: chrome, browserVersion: 121.0.6167.184, chrome: {chromedriverVersion: 121.0.6167.184 (057a8ae7deb..., userDataDir: /var/folders/53/crfhd_xs5q9...}, fedcm:accounts: true, goog:chromeOptions: {debuggerAddress: localhost:52707}, networkConnectionEnabled: false, pageLoadStrategy: normal, platformName: mac, proxy: Proxy(), se:cdp: ws://localhost:52707/devtoo..., se:cdpVersion: 121.0.6167.184, setWindowRect: true, strictFileInteractability: false, timeouts: {implicit: 0, pageLoad: 300000, script: 30000}, unhandledPromptBehavior: dismiss and notify, webauthn:extension:credBlob: true, webauthn:extension:largeBlob: true, webauthn:extension:minPinLength: true, webauthn:extension:prf: true, webauthn:virtualAuthenticators: true}
Session ID: 5fe958ba9acb6cb88ad01ed0e54f4d69
	at java.base/jdk.internal.reflect.NativeConstructorAccessorImpl.newInstance0(Native Method)
	at java.base/jdk.internal.reflect.NativeConstructorAccessorImpl.newInstance(NativeConstructorAccessorImpl.java:77)
	at java.base/jdk.internal.reflect.DelegatingConstructorAccessorImpl.newInstance(DelegatingConstructorAccessorImpl.java:45)
	at java.base/java.lang.reflect.Constructor.newInstanceWithCaller(Constructor.java:499)
	at java.base/java.lang.reflect.Constructor.newInstance(Constructor.java:480)
	at org.openqa.selenium.remote.codec.w3c.W3CHttpResponseCodec.createException(W3CHttpResponseCodec.java:185)
	at org.openqa.selenium.remote.codec.w3c.W3CHttpResponseCodec.decode(W3CHttpResponseCodec.java:134)
	at org.openqa.selenium.remote.codec.w3c.W3CHttpResponseCodec.decode(W3CHttpResponseCodec.java:51)
	at org.openqa.selenium.remote.HttpCommandExecutor.execute(HttpCommandExecutor.java:190)
	at org.openqa.selenium.remote.service.DriverCommandExecutor.invokeExecute(DriverCommandExecutor.java:216)
	at org.openqa.selenium.remote.service.DriverCommandExecutor.execute(DriverCommandExecutor.java:174)
	at org.openqa.selenium.remote.RemoteWebDriver.execute(RemoteWebDriver.java:519)
	at org.openqa.selenium.remote.ElementLocation$ElementFinder$2.findElement(ElementLocation.java:165)
	at org.openqa.selenium.remote.ElementLocation.findElement(ElementLocation.java:59)
	at org.openqa.selenium.remote.RemoteWebDriver.findElement(RemoteWebDriver.java:356)
	at org.openqa.selenium.remote.RemoteWebDriver.findElement(RemoteWebDriver.java:350)
	at org.openqa.selenium.support.pagefactory.DefaultElementLocator.findElement(DefaultElementLocator.java:68)
	at org.openqa.selenium.support.pagefactory.internal.LocatingElementHandler.invoke(LocatingElementHandler.java:38)
	at jdk.proxy2/jdk.proxy2.$Proxy27.isDisplayed(Unknown Source)
	at org.openqa.selenium.support.ui.ExpectedConditions.elementIfVisible(ExpectedConditions.java:304)
	at org.openqa.selenium.support.ui.ExpectedConditions$10.apply(ExpectedConditions.java:290)
	at org.openqa.selenium.support.ui.ExpectedConditions$10.apply(ExpectedConditions.java:287)
	at org.openqa.selenium.support.ui.ExpectedConditions$23.apply(ExpectedConditions.java:656)
	at org.openqa.selenium.support.ui.ExpectedConditions$23.apply(ExpectedConditions.java:652)
	at org.openqa.selenium.support.ui.FluentWait.until(FluentWait.java:203)
	at com.base.BaseClass.explicitWaitClickable(BaseClass.java:333)
	at com.pages.TimetableConfigurationPage.ConfigureSubjectHours(TimetableConfigurationPage.java:444)
	at com.stepdefinition.TC3_TimetableConfigurationStep.theUserConfiguresSubjectHoursInThePage(TC3_TimetableConfigurationStep.java:31)
	at java.base/jdk.internal.reflect.NativeMethodAccessorImpl.invoke0(Native Method)
	at java.base/jdk.internal.reflect.NativeMethodAccessorImpl.invoke(NativeMethodAccessorImpl.java:77)
	at java.base/jdk.internal.reflect.DelegatingMethodAccessorImpl.invoke(DelegatingMethodAccessorImpl.java:43)
	at java.base/java.lang.reflect.Method.invoke(Method.java:568)
	at io.cucumber.java.Invoker.doInvoke(Invoker.java:66)
	at io.cucumber.java.Invoker.invoke(Invoker.java:24)
	at io.cucumber.java.AbstractGlueDefinition.invokeMethod(AbstractGlueDefinition.java:47)
	at io.cucumber.java.JavaStepDefinition.execute(JavaStepDefinition.java:29)
	at io.cucumber.core.runner.CoreStepDefinition.execute(CoreStepDefinition.java:66)
	at io.cucumber.core.runner.PickleStepDefinitionMatch.runStep(PickleStepDefinitionMatch.java:63)
	at io.cucumber.core.runner.ExecutionMode$1.execute(ExecutionMode.java:10)
	at io.cucumber.core.runner.TestStep.executeStep(TestStep.java:84)
	at io.cucumber.core.runner.TestStep.run(TestStep.java:56)
	at io.cucumber.core.runner.PickleStepTestStep.run(PickleStepTestStep.java:51)
	at io.cucumber.core.runner.TestCase.run(TestCase.java:84)
	at io.cucumber.core.runner.Runner.runPickle(Runner.java:75)
	at io.cucumber.junit.PickleRunners$WithStepDescriptions.lambda$run$1(PickleRunners.java:109)
	at io.cucumber.core.runtime.CucumberExecutionContext.lambda$runTestCase$5(CucumberExecutionContext.java:137)
	at io.cucumber.core.runtime.RethrowingThrowableCollector.executeAndThrow(RethrowingThrowableCollector.java:23)
	at io.cucumber.core.runtime.CucumberExecutionContext.runTestCase(CucumberExecutionContext.java:137)
	at io.cucumber.junit.PickleRunners$WithStepDescriptions.run(PickleRunners.java:106)
	at io.cucumber.junit.FeatureRunner.runChild(FeatureRunner.java:144)
	at io.cucumber.junit.FeatureRunner.runChild(FeatureRunner.java:28)
	at org.junit.runners.ParentRunner$4.run(ParentRunner.java:331)
	at org.junit.runners.ParentRunner$1.schedule(ParentRunner.java:79)
	at org.junit.runners.ParentRunner.runChildren(ParentRunner.java:329)
	at org.junit.runners.ParentRunner.access$100(ParentRunner.java:66)
	at org.junit.runners.ParentRunner$2.evaluate(ParentRunner.java:293)
	at org.junit.runners.ParentRunner$3.evaluate(ParentRunner.java:306)
	at org.junit.runners.ParentRunner.run(ParentRunner.java:413)
	at io.cucumber.junit.FeatureRunner.run(FeatureRunner.java:137)
	at io.cucumber.junit.Cucumber.runChild(Cucumber.java:196)
	at io.cucumber.junit.Cucumber.runChild(Cucumber.java:89)
	at org.junit.runners.ParentRunner$4.run(ParentRunner.java:331)
	at org.junit.runners.ParentRunner$1.schedule(ParentRunner.java:79)
	at org.junit.runners.ParentRunner.runChildren(ParentRunner.java:329)
	at org.junit.runners.ParentRunner.access$100(ParentRunner.java:66)
	at org.junit.runners.ParentRunner$2.evaluate(ParentRunner.java:293)
	at io.cucumber.core.runtime.CucumberExecutionContext.lambda$runFeatures$6(CucumberExecutionContext.java:148)
	at io.cucumber.core.runtime.CucumberExecutionContext.execute(CucumberExecutionContext.java:163)
	at io.cucumber.core.runtime.CucumberExecutionContext.runFeatures(CucumberExecutionContext.java:146)
	at io.cucumber.junit.Cucumber$StartAndFinishTestRun.evaluate(Cucumber.java:226)
	at org.junit.internal.runners.statements.RunAfters.evaluate(RunAfters.java:27)
	at org.junit.runners.ParentRunner$3.evaluate(ParentRunner.java:306)
	at org.junit.runners.ParentRunner.run(ParentRunner.java:413)
	at org.eclipse.jdt.internal.junit4.runner.JUnit4TestReference.run(JUnit4TestReference.java:93)
	at org.eclipse.jdt.internal.junit.runner.TestExecution.run(TestExecution.java:40)
	at org.eclipse.jdt.internal.junit.runner.RemoteTestRunner.runTests(RemoteTestRunner.java:529)
	at org.eclipse.jdt.internal.junit.runner.RemoteTestRunner.runTests(RemoteTestRunner.java:756)
	at org.eclipse.jdt.internal.junit.runner.RemoteTestRunner.run(RemoteTestRunner.java:452)
	at org.eclipse.jdt.internal.junit.runner.RemoteTestRunner.main(RemoteTestRunner.java:210)
</textarea>
										</td>
									</tr>
									<tr>
										<td>Feb 21, 2024 05:11:24 pm</td>
										<td class='linked' test-id='29'>When the user creates new School Fees</td>
										<td>
											<textarea disabled class="code-block">org.openqa.selenium.TimeoutException: Expected condition failed: waiting for element to be clickable: Proxy element for: DefaultElementLocator 'By.cssSelector: #schoolManagementSection' (tried for 30 second(s) with 500 milliseconds interval)
	at org.openqa.selenium.support.ui.WebDriverWait.timeoutException(WebDriverWait.java:84)
	at org.openqa.selenium.support.ui.FluentWait.until(FluentWait.java:228)
	at com.base.BaseClass.explicitWaitClickable(BaseClass.java:333)
	at com.pages.TimetableConfigurationPage.ConfigureSubjectHours(TimetableConfigurationPage.java:444)
	at com.stepdefinition.TC3_TimetableConfigurationStep.theUserConfiguresSubjectHoursInThePage(TC3_TimetableConfigurationStep.java:31)
	at ✽.the user configures subject hours in the "Subject Mapping" page(file:///Users/mullai/Documents/Git%20Workspace/LocalGreatifyWebAutomation/src/test/resources/Features/TC3_TimetableConfiguration.feature:8)
Caused by: org.openqa.selenium.NoSuchElementException: no such element: Unable to locate element: {"method":"css selector","selector":"#schoolManagementSection"}
  (Session info: chrome=121.0.6167.184)
For documentation on this error, please visit: https://www.selenium.dev/documentation/webdriver/troubleshooting/errors#no-such-element-exception
Build info: version: '4.17.0', revision: 'e52b1be057*'
System info: os.name: 'Mac OS X', os.arch: 'x86_64', os.version: '14.2.1', java.version: '17.0.8.1'
Driver info: org.openqa.selenium.chrome.ChromeDriver
Command: [5fe958ba9acb6cb88ad01ed0e54f4d69, findElement {value=#schoolManagementSection, using=css selector}]
Capabilities {acceptInsecureCerts: false, browserName: chrome, browserVersion: 121.0.6167.184, chrome: {chromedriverVersion: 121.0.6167.184 (057a8ae7deb..., userDataDir: /var/folders/53/crfhd_xs5q9...}, fedcm:accounts: true, goog:chromeOptions: {debuggerAddress: localhost:52707}, networkConnectionEnabled: false, pageLoadStrategy: normal, platformName: mac, proxy: Proxy(), se:cdp: ws://localhost:52707/devtoo..., se:cdpVersion: 121.0.6167.184, setWindowRect: true, strictFileInteractability: false, timeouts: {implicit: 0, pageLoad: 300000, script: 30000}, unhandledPromptBehavior: dismiss and notify, webauthn:extension:credBlob: true, webauthn:extension:largeBlob: true, webauthn:extension:minPinLength: true, webauthn:extension:prf: true, webauthn:virtualAuthenticators: true}
Session ID: 5fe958ba9acb6cb88ad01ed0e54f4d69
	at java.base/jdk.internal.reflect.NativeConstructorAccessorImpl.newInstance0(Native Method)
	at java.base/jdk.internal.reflect.NativeConstructorAccessorImpl.newInstance(NativeConstructorAccessorImpl.java:77)
	at java.base/jdk.internal.reflect.DelegatingConstructorAccessorImpl.newInstance(DelegatingConstructorAccessorImpl.java:45)
	at java.base/java.lang.reflect.Constructor.newInstanceWithCaller(Constructor.java:499)
	at java.base/java.lang.reflect.Constructor.newInstance(Constructor.java:480)
	at org.openqa.selenium.remote.codec.w3c.W3CHttpResponseCodec.createException(W3CHttpResponseCodec.java:185)
	at org.openqa.selenium.remote.codec.w3c.W3CHttpResponseCodec.decode(W3CHttpResponseCodec.java:134)
	at org.openqa.selenium.remote.codec.w3c.W3CHttpResponseCodec.decode(W3CHttpResponseCodec.java:51)
	at org.openqa.selenium.remote.HttpCommandExecutor.execute(HttpCommandExecutor.java:190)
	at org.openqa.selenium.remote.service.DriverCommandExecutor.invokeExecute(DriverCommandExecutor.java:216)
	at org.openqa.selenium.remote.service.DriverCommandExecutor.execute(DriverCommandExecutor.java:174)
	at org.openqa.selenium.remote.RemoteWebDriver.execute(RemoteWebDriver.java:519)
	at org.openqa.selenium.remote.ElementLocation$ElementFinder$2.findElement(ElementLocation.java:165)
	at org.openqa.selenium.remote.ElementLocation.findElement(ElementLocation.java:59)
	at org.openqa.selenium.remote.RemoteWebDriver.findElement(RemoteWebDriver.java:356)
	at org.openqa.selenium.remote.RemoteWebDriver.findElement(RemoteWebDriver.java:350)
	at org.openqa.selenium.support.pagefactory.DefaultElementLocator.findElement(DefaultElementLocator.java:68)
	at org.openqa.selenium.support.pagefactory.internal.LocatingElementHandler.invoke(LocatingElementHandler.java:38)
	at jdk.proxy2/jdk.proxy2.$Proxy27.isDisplayed(Unknown Source)
	at org.openqa.selenium.support.ui.ExpectedConditions.elementIfVisible(ExpectedConditions.java:304)
	at org.openqa.selenium.support.ui.ExpectedConditions$10.apply(ExpectedConditions.java:290)
	at org.openqa.selenium.support.ui.ExpectedConditions$10.apply(ExpectedConditions.java:287)
	at org.openqa.selenium.support.ui.ExpectedConditions$23.apply(ExpectedConditions.java:656)
	at org.openqa.selenium.support.ui.ExpectedConditions$23.apply(ExpectedConditions.java:652)
	at org.openqa.selenium.support.ui.FluentWait.until(FluentWait.java:203)
	at com.base.BaseClass.explicitWaitClickable(BaseClass.java:333)
	at com.pages.TimetableConfigurationPage.ConfigureSubjectHours(TimetableConfigurationPage.java:444)
	at com.stepdefinition.TC3_TimetableConfigurationStep.theUserConfiguresSubjectHoursInThePage(TC3_TimetableConfigurationStep.java:31)
	at java.base/jdk.internal.reflect.NativeMethodAccessorImpl.invoke0(Native Method)
	at java.base/jdk.internal.reflect.NativeMethodAccessorImpl.invoke(NativeMethodAccessorImpl.java:77)
	at java.base/jdk.internal.reflect.DelegatingMethodAccessorImpl.invoke(DelegatingMethodAccessorImpl.java:43)
	at java.base/java.lang.reflect.Method.invoke(Method.java:568)
	at io.cucumber.java.Invoker.doInvoke(Invoker.java:66)
	at io.cucumber.java.Invoker.invoke(Invoker.java:24)
	at io.cucumber.java.AbstractGlueDefinition.invokeMethod(AbstractGlueDefinition.java:47)
	at io.cucumber.java.JavaStepDefinition.execute(JavaStepDefinition.java:29)
	at io.cucumber.core.runner.CoreStepDefinition.execute(CoreStepDefinition.java:66)
	at io.cucumber.core.runner.PickleStepDefinitionMatch.runStep(PickleStepDefinitionMatch.java:63)
	at io.cucumber.core.runner.ExecutionMode$1.execute(ExecutionMode.java:10)
	at io.cucumber.core.runner.TestStep.executeStep(TestStep.java:84)
	at io.cucumber.core.runner.TestStep.run(TestStep.java:56)
	at io.cucumber.core.runner.PickleStepTestStep.run(PickleStepTestStep.java:51)
	at io.cucumber.core.runner.TestCase.run(TestCase.java:84)
	at io.cucumber.core.runner.Runner.runPickle(Runner.java:75)
	at io.cucumber.junit.PickleRunners$WithStepDescriptions.lambda$run$1(PickleRunners.java:109)
	at io.cucumber.core.runtime.CucumberExecutionContext.lambda$runTestCase$5(CucumberExecutionContext.java:137)
	at io.cucumber.core.runtime.RethrowingThrowableCollector.executeAndThrow(RethrowingThrowableCollector.java:23)
	at io.cucumber.core.runtime.CucumberExecutionContext.runTestCase(CucumberExecutionContext.java:137)
	at io.cucumber.junit.PickleRunners$WithStepDescriptions.run(PickleRunners.java:106)
	at io.cucumber.junit.FeatureRunner.runChild(FeatureRunner.java:144)
	at io.cucumber.junit.FeatureRunner.runChild(FeatureRunner.java:28)
	at org.junit.runners.ParentRunner$4.run(ParentRunner.java:331)
	at org.junit.runners.ParentRunner$1.schedule(ParentRunner.java:79)
	at org.junit.runners.ParentRunner.runChildren(ParentRunner.java:329)
	at org.junit.runners.ParentRunner.access$100(ParentRunner.java:66)
	at org.junit.runners.ParentRunner$2.evaluate(ParentRunner.java:293)
	at org.junit.runners.ParentRunner$3.evaluate(ParentRunner.java:306)
	at org.junit.runners.ParentRunner.run(ParentRunner.java:413)
	at io.cucumber.junit.FeatureRunner.run(FeatureRunner.java:137)
	at io.cucumber.junit.Cucumber.runChild(Cucumber.java:196)
	at io.cucumber.junit.Cucumber.runChild(Cucumber.java:89)
	at org.junit.runners.ParentRunner$4.run(ParentRunner.java:331)
	at org.junit.runners.ParentRunner$1.schedule(ParentRunner.java:79)
	at org.junit.runners.ParentRunner.runChildren(ParentRunner.java:329)
	at org.junit.runners.ParentRunner.access$100(ParentRunner.java:66)
	at org.junit.runners.ParentRunner$2.evaluate(ParentRunner.java:293)
	at io.cucumber.core.runtime.CucumberExecutionContext.lambda$runFeatures$6(CucumberExecutionContext.java:148)
	at io.cucumber.core.runtime.CucumberExecutionContext.execute(CucumberExecutionContext.java:163)
	at io.cucumber.core.runtime.CucumberExecutionContext.runFeatures(CucumberExecutionContext.java:146)
	at io.cucumber.junit.Cucumber$StartAndFinishTestRun.evaluate(Cucumber.java:226)
	at org.junit.internal.runners.statements.RunAfters.evaluate(RunAfters.java:27)
	at org.junit.runners.ParentRunner$3.evaluate(ParentRunner.java:306)
	at org.junit.runners.ParentRunner.run(ParentRunner.java:413)
	at org.eclipse.jdt.internal.junit4.runner.JUnit4TestReference.run(JUnit4TestReference.java:93)
	at org.eclipse.jdt.internal.junit.runner.TestExecution.run(TestExecution.java:40)
	at org.eclipse.jdt.internal.junit.runner.RemoteTestRunner.runTests(RemoteTestRunner.java:529)
	at org.eclipse.jdt.internal.junit.runner.RemoteTestRunner.runTests(RemoteTestRunner.java:756)
	at org.eclipse.jdt.internal.junit.runner.RemoteTestRunner.run(RemoteTestRunner.java:452)
	at org.eclipse.jdt.internal.junit.runner.RemoteTestRunner.main(RemoteTestRunner.java:210)
</textarea>
										</td>
									</tr>
								</tbody>
							</table>
						</div>
					</div>
				</li>
			</ul>
		</div>
	</div>
	<div class='subview-right left'>
		<div class='view-summary'>
			<h5 class='exception-name'></h5>
		</div>
	</div>
</div>
<!-- exception view --><div id='dashboard-view' class='view hide'>
	<div class='card-panel transparent np-v'>
		<h5>Dashboard</h5>

		<div class='row'>
			<div class='col s2'>
				<div class='card-panel r'>
					Features
					<div class='panel-lead'>3</div>
				</div>
			</div>
			<div class='col s2'>
				<div class='card-panel r'>
					Scenarios
					<div class='panel-lead'>3</div>
				</div>
			</div>
			<div class='col s2'>
				<div class='card-panel r'>
					Steps
					<div class='panel-lead'>39</div>
				</div>
			</div>
			<div class='col s2'>
				<div class='card-panel r'>
					Start
					<div class='panel-lead'>Feb 21, 2024 05:10:14 pm</div>
				</div>
			</div>
			<div class='col s2'>
				<div class='card-panel r'>
			 		End
			 		<div class='panel-lead'>Feb 21, 2024 05:12:25 pm</div>
				</div>
			</div>
			<div class='col s2'>
				<div class='card-panel r'>
					Time Taken
					<div class='panel-lead'>00 02 11.190</div>
				</div>
			</div>
			<div class='col s6'>
				<div class='card-panel dashboard-categories'>
					<span class='right label cyan white-text'>Categories</span><p>&nbsp;</p>
					
					<table>
						<tr>
							<th>Name</th>
							<th>Passed</th>
							<th>Failed</th>
							<th>Skipped</th>
							<th>Passed %</th>
						</tr>
						<tr>
							<td>@SchoolOnboard</td>
							<td>0</td>
							<td>1</td>
							<td>0</td>
							<td>
									0%
							</td>
						</tr>
						<tr>
							<td>@TimetableConfiguration</td>
							<td>0</td>
							<td>1</td>
							<td>0</td>
							<td>
									0%
							</td>
						</tr>
						<tr>
							<td>@FeeManage</td>
							<td>0</td>
							<td>1</td>
							<td>0</td>
							<td>
									0%
							</td>
						</tr>
					</table>
				</div>
			</div>
		</div>
	</div>
</div>
<!-- dashboard view -->
		</div>
		<!-- container -->
		<script>
			var statusGroup = {
                parentCount: 3,
				passParent: 0,
				failParent: 3,
				fatalParent: 0,
				errorParent: 0,
				warningParent: 0,
				skipParent: 0,
				childCount: 3,
				passChild: 0,
				failChild: 3,
				fatalChild: 0,
				errorChild: 0,
				warningChild: 0,
				skipChild: 0,
				infoChild: 0,
				grandChildCount: 39,
				passGrandChild: 5,
				failGrandChild: 3,
				fatalGrandChild: 0,
				errorGrandChild: 0,
				warningGrandChild: 0,
				skipGrandChild: 31,
				infoGrandChild: 0,
			};
			</script>
		
		<script>
			var timeline = {
			        "Generate a new school invite from Super Admin Dashboard. Onboard the new school and log in to School Admin Dashboard.":7.93,"Timetable generation for all the classes in the newly onboarded school":61.076,"Manage School Fees, Add-On Fees, and Fee Discounts for newly Onboarded School":61.095
			};
		</script>
		
		  <script src='https://cdn.jsdelivr.net/gh/extent-framework/extent-github-cdn@ff53917fbbdb5ef820abbbe4d199a6942dc771ff/v3html/js/extent.js' type='text/javascript'></script>
		
		
		<script type='text/javascript'>
				
		</script> 

	</body>
</html>